<?xml version="1.0" encoding="UTF-8"?>
<testsuite xmlns:xsi="http://www.w3.org/2001/XMLSchema-instance" xsi:noNamespaceSchemaLocation="https://maven.apache.org/surefire/maven-surefire-plugin/xsd/surefire-test-report.xsd" version="3.0.2" name="TestSuite" time="14.876" tests="1" errors="0" skipped="0" failures="0">
  <properties>
[...]
</properties>
  <testcase name="Logintest" classname="Testcases.TC02_Login" time="2.676">
    <system-err><![CDATA[2025-09-11T07:53:40.965583100Z main INFO Starting configuration XmlConfiguration[location=C:\eclipse-workspace\OpencartProject\target\test-classes\log4j2.xml, lastModified=2025-08-18T17:53:49.754Z]...
2025-09-11T07:53:40.970587200Z main INFO Configuration XmlConfiguration[location=C:\eclipse-workspace\OpencartProject\target\test-classes\log4j2.xml, lastModified=2025-08-18T17:53:49.754Z] started.
2025-09-11T07:53:40.979587900Z main INFO Stopping configuration org.apache.logging.log4j.core.config.DefaultConfiguration@2805c96b...
2025-09-11T07:53:40.980591400Z main INFO Configuration org.apache.logging.log4j.core.config.DefaultConfiguration@2805c96b stopped.
Sept 11, 2025 1:23:44 PM org.openqa.selenium.devtools.CdpVersionFinder findNearestMatch
WARNING: Unable to find an exact match for CDP version 139, returning the closest version; found: 138; Please update to a Selenium version that supports CDP version 139
]]></system-err>
  </testcase>
</testsuite>